[HAMI-core Msg(3256585:139884419861376:libvgpu.c:837)]: Initializing.....
[HAMI-core Msg(3256585:139884419861376:libvgpu.c:856)]: Initialized
Loading checkpoint shards:   0%|          | 0/4 [00:00<?, ?it/s]Loading checkpoint shards:  25%|â–ˆâ–ˆâ–Œ       | 1/4 [00:19<00:58, 19.63s/it][HAMI-core ERROR (pid:3256585 thread=139884419861376 allocator.c:119)]: cuMemoryAllocate failed res=2
Loading checkpoint shards:  50%|â–ˆâ–ˆâ–ˆâ–ˆâ–ˆ     | 2/4 [00:39<00:39, 19.86s/it]Loading checkpoint shards:  75%|â–ˆâ–ˆâ–ˆâ–ˆâ–ˆâ–ˆâ–ˆâ–Œ  | 3/4 [00:58<00:19, 19.27s/it]Loading checkpoint shards: 100%|â–ˆâ–ˆâ–ˆâ–ˆâ–ˆâ–ˆâ–ˆâ–ˆâ–ˆâ–ˆ| 4/4 [01:09<00:00, 15.98s/it]Loading checkpoint shards: 100%|â–ˆâ–ˆâ–ˆâ–ˆâ–ˆâ–ˆâ–ˆâ–ˆâ–ˆâ–ˆ| 4/4 [01:09<00:00, 17.29s/it]
INFO:     Started server process [3256585]
INFO:     Waiting for application startup.
INFO:     Application startup complete.
INFO:     Uvicorn running on http://0.0.0.0:8001 (Press CTRL+C to quit)
INFO:     127.0.0.1:46182 - "GET /v1/models HTTP/1.1" 200 OK
INFO:     127.0.0.1:46194 - "GET /v1/models HTTP/1.1" 200 OK
INFO:     127.0.0.1:46210 - "GET /v1/chat/completions/v1/models HTTP/1.1" 404 Not Found
[91m--generated_text[0m 
å¯¹è¯1ï¼šæ‚¨å¥½è¯·è®²[SEP]å–‚ï¼Œä½ å¥½ï¼Œè¯·é—®æœ‰ä»€ä¹ˆå¯ä»¥å¸®æ‚¨ï¼Ÿ[SEP]æ˜¯è¿™æ ·çš„ï¼Œæˆ‘å‰å‡ å¤©æäº¤äº†ä¸€ä¸ªå…³äºŽå®½å¸¦å®‰è£…å»¶è¿Ÿçš„æŠ•è¯‰å·¥å•ï¼Œç¼–å·æ˜¯12345678ï¼Œæƒ³é—®é—®å¤„ç†è¿›åº¦æ€Žä¹ˆæ ·äº†ã€‚[SEP]å¥½çš„ï¼Œè¯·æ‚¨ç¨ç­‰ï¼Œæˆ‘é©¬ä¸Šå¸®æ‚¨æŸ¥è¯¢ä¸€ä¸‹ã€‚[SEP]å—¯å—¯ã€‚[SEP]æŸ¥è¯¢åˆ°äº†ï¼Œæ‚¨è¿™ä¸ªå·¥å•ç›®å‰å¤„äºŽå¤„ç†ä¸­çŠ¶æ€ï¼ŒæŠ€æœ¯äººå‘˜å·²ç»åœ¨å®‰æŽ’å¸ˆå‚…è¿›è¡Œä¸Šé—¨æŽ’æŸ¥äº†ï¼Œé¢„è®¡ä»Šå¤©å†…èƒ½å¤Ÿå®Œæˆã€‚[SEP]å“¦ï¼Œè¿™æ ·å•Šï¼Œé‚£å°±å¥½ã€‚[SEP]æ‚¨è¿˜éœ€è¦äº†è§£å…¶ä»–ä¿¡æ¯å—ï¼Ÿæ¯”å¦‚å…·ä½“å“ªä¸ªå¸ˆå‚…ä¼šæ¥ï¼Œæˆ–è€…å¤§æ¦‚å‡ ç‚¹æ¥ï¼Ÿ[SEP]æš‚æ—¶ä¸ç”¨äº†ï¼ŒçŸ¥é“æœ‰è¿›å±•å°±è¡Œï¼Œè°¢è°¢ä½ ã€‚[SEP]ä¸å®¢æ°”ï¼Œè¿™æ˜¯æˆ‘ä»¬åº”è¯¥åšçš„ã€‚è¿˜æœ‰ä»€ä¹ˆå¯ä»¥å¸®æ‚¨çš„å—ï¼Ÿ[SEP]æ²¡æœ‰äº†ï¼Œè°¢è°¢ï¼ç¥æ‚¨ç”Ÿæ´»æ„‰å¿«ï¼Œå†è§ï¼

å¯¹è¯2ï¼šæ‚¨å¥½è¯·è®²[SEP]ä½ å¥½ï¼Œæˆ‘æƒ³å’¨è¯¢ä¸€ä¸‹æˆ‘ä¹‹å‰æŠ¥ä¿®çš„æ‰‹æœºä¿¡å·é—®é¢˜ï¼Œå·¥å•å·æ˜¯87654321ï¼ŒçŽ°åœ¨å¤„ç†ç»“æžœæ€Žä¹ˆæ ·äº†ï¼Ÿ[SEP]å¥½çš„ï¼Œæˆ‘è¿™å°±å¸®æ‚¨æŸ¥ä¸€ä¸‹ã€‚è¯·æ‚¨ç¨ç­‰ç‰‡åˆ»ã€‚[SEP]å¥½çš„ã€‚[SEP]æŸ¥åˆ°äº†ï¼Œæ‚¨è¿™ä¸ªå·¥å•æˆ‘ä»¬å·²ç»åœ¨ä¸Šå‘¨äº”å®‰æŽ’äº†ç»´æŠ¤äººå‘˜åŽ»çŽ°åœºå‹˜æŸ¥äº†ï¼Œç”±äºŽæ˜¯åŸºç«™è®¾å¤‡çš„å°æ•…éšœï¼Œç»´ä¿®æ¯”è¾ƒå¿«ï¼ŒçŽ°åœ¨å·²ç»ä¿®å¤å®Œæ¯•äº†ã€‚æ‚¨è¿™è¾¹ä¿¡å·æ¢å¤äº†å—ï¼Ÿ[SEP]å—¯ï¼Œå¥½åƒç¡®å®žæ˜¯å¥½äº†ä¸å°‘ï¼Œæ˜¨å¤©è¯•è¿‡çš„ï¼Œä»Šå¤©å†ç”¨æ‰‹æœºæµ‹äº†ä¸€ä¸‹ï¼Œä¿¡å·æ»¡æ ¼äº†ã€‚[SEP]å¤ªå¥½äº†ï¼Œé‚£å°±æ²¡é—®é¢˜äº†ã€‚æ‚¨å¯¹è¿™ä¸ªå¤„ç†ç»“æžœæ»¡æ„å—ï¼Ÿ[SEP]æŒºæ»¡æ„çš„ï¼Œè°¢è°¢ä½ ä»¬åŠæ—¶è§£å†³äº†ã€‚[SEP]ä¸å®¢æ°”ï¼Œæ„Ÿè°¢æ‚¨çš„ç†è§£å’Œæ”¯æŒã€‚ä»¥åŽæœ‰ä»»ä½•é—®é¢˜éƒ½å¯ä»¥éšæ—¶è”ç³»æˆ‘ä»¬ã€‚æ‚¨è¿˜æœ‰å…¶ä»–éœ€è¦å’¨è¯¢çš„å—ï¼Ÿ[SEP]æš‚æ—¶æ²¡æœ‰äº†ï¼Œè°¢è°¢ï¼å†è§ï¼

å¯¹è¯3ï¼šæ‚¨å¥½è¯·è®²[SEP]å–‚ï¼Œä½ å¥½ï¼Œæˆ‘æƒ³é—®ä¸‹æˆ‘ä¹‹å‰åŠžçš„é¢„ä»˜è´¹å¥—é¤å‡çº§ä¸šåŠ¡ï¼Œå·¥å•å·æ˜¯56789012ï¼ŒçŽ°åœ¨åŠžå¥½äº†å—ï¼Ÿ[SEP]å¥½çš„ï¼Œæˆ‘å¸®æ‚¨æŸ¥ä¸€ä¸‹ã€‚è¯·æ‚¨ç¨ç­‰ã€‚[SEP]å—¯ã€‚[SEP]æŸ¥åˆ°äº†ï¼Œæ‚¨è¿™ä¸ªå·¥å•æˆ‘ä»¬å·²ç»åœ¨æ˜¨å¤©ä¸ºæ‚¨åŠžç†å®Œæˆäº†ï¼Œæ–°å¥—é¤å·²ç»å¼€å§‹ç”Ÿæ•ˆäº†ã€‚æ‚¨å¯ä»¥é€šè¿‡æ‰‹æœºAPPæˆ–è€…æ‹¨æ‰“å®¢æœçƒ­çº¿æŸ¥è¯¢å½“å‰å¥—é¤è¯¦æƒ…ã€‚[SEP]å“¦ï¼Œå¥½çš„ï¼Œé‚£æˆ‘çœ‹çœ‹æ‰‹æœºä¸Šæ˜¯ä¸æ˜¯å˜äº†ã€‚[SEP]æ˜¯çš„ï¼Œä¸€èˆ¬ä¼šæœ‰çŸ­ä¿¡é€šçŸ¥ï¼Œæ‚¨ç•™æ„ä¸€ä¸‹ã€‚å¦‚æžœè¿˜æœ‰ä»»ä½•ç–‘é—®ï¼Œæ¬¢è¿Žç»§ç»­å’¨è¯¢æˆ‘ä»¬ã€‚[SEP]æ˜Žç™½äº†ï¼Œè°¢è°¢ã€‚[SEP]ä¸å®¢æ°”ï¼Œç¥æ‚¨ä½¿ç”¨æ„‰å¿«ï¼è¿˜æœ‰å…¶ä»–é—®é¢˜å—ï¼Ÿ[SEP]æ²¡æœ‰äº†ï¼Œè°¢è°¢ï¼å†è§ï¼

å¯¹è¯4ï¼šæ‚¨å¥½è¯·è®²[SEP]ä½ å¥½ï¼Œæˆ‘ä¹‹å‰æŠ•è¯‰è¿‡å……ç”µå®ç§Ÿå€ŸæœåŠ¡çš„é—®é¢˜ï¼Œå·¥å•å·æ˜¯90123456ï¼ŒçŽ°åœ¨å¤„ç†å¾—æ€Žä¹ˆæ ·äº†ï¼Ÿ[SEP]å¥½çš„ï¼Œæˆ‘é©¬ä¸Šå¸®æ‚¨æŸ¥ã€‚è¯·æ‚¨ç¨å€™ã€‚[SEP]å¥½çš„ã€‚[SEP]æŸ¥åˆ°äº†ï¼Œæ‚¨è¿™ä¸ªå·¥å•æˆ‘ä»¬å·²ç»åœ¨ä¸¤å‘¨å‰æ”¶åˆ°äº†ï¼Œå¹¶å·²è”ç³»ç›¸å…³åˆä½œæ–¹è¿›è¡Œäº†æ²Ÿé€šå’Œå¤„ç†ã€‚å¯¹æ–¹æ‰¿è¯ºä¼šå¯¹ç³»ç»Ÿè¿›è¡Œä¼˜åŒ–ï¼Œé¿å…ç±»ä¼¼æƒ…å†µå†æ¬¡å‘ç”Ÿã€‚ä¸è¿‡ç›®å‰æ¥çœ‹ï¼Œæ•ˆæžœè¿˜ä¸æ˜Žæ˜¾ï¼Œæˆ‘ä»¬ä¼šæŒç»­è·Ÿè¿›çš„ã€‚[SEP]å—¯ï¼Œè¿™æ ·å•Šï¼Œæ„Ÿè§‰è¿˜æ˜¯ä¸å¤ªç†æƒ³ã€‚[SEP]æˆ‘ç†è§£æ‚¨çš„æ„Ÿå—ï¼Œæˆ‘ä»¬ä¼šç»§ç»­ç£ä¿ƒå¯¹æ–¹çš„ï¼Œäº‰å–å°½å¿«ç»™æ‚¨ä¸€ä¸ªæ»¡æ„çš„ç­”å¤ã€‚æ‚¨çœ‹è¿˜æœ‰ä»€ä¹ˆå»ºè®®å—ï¼Ÿ[SEP]æš‚æ—¶æ²¡æœ‰äº†ï¼Œè°¢è°¢ä½ ä»¬åœ¨è·Ÿè¿›ã€‚[SEP]å¥½çš„ï¼Œæˆ‘ä»¬ä¼šå°½åŠ›çš„ã€‚æ‚¨è¿˜æœ‰å…¶ä»–éœ€è¦å’¨è¯¢çš„å—ï¼Ÿ[SEP]æ²¡æœ‰äº†ï¼Œè°¢è°¢ï¼å†è§ï¼

å¯¹è¯5ï¼šæ‚¨å¥½è¯·è®²[SEP]å–‚ï¼Œä½ å¥½ï¼Œæˆ‘æƒ³äº†è§£ä¸€ä¸‹æˆ‘ä¹‹å‰ç”³è¯·çš„å®½å¸¦æé€ŸæœåŠ¡ï¼Œå·¥å•å·æ˜¯34567890ï¼ŒçŽ°åœ¨å®‰æŽ’ä¸Šé—¨äº†å—ï¼Ÿ[SEP]å¥½çš„ï¼Œæˆ‘å¸®æ‚¨æŸ¥ä¸€ä¸‹ã€‚è¯·æ‚¨ç¨ç­‰ã€‚[SEP]å—¯ã€‚[SEP]æŸ¥åˆ°äº†ï¼Œæ‚¨è¿™ä¸ªå·¥å•æˆ‘ä»¬å·²ç»åœ¨ä¸‰å¤©å‰ä¸ºæ‚¨é¢„çº¦äº†ä¸Šé—¨å®‰è£…æœåŠ¡ï¼Œä½†ç”±äºŽå¸ˆå‚…æŽ’æœŸè¾ƒæ»¡ï¼ŒåŽŸå®šæ—¥æœŸæŽ¨è¿Ÿåˆ°äº†ä¸‹å‘¨äºŒã€‚æ‚¨çœ‹æ˜¯å¦
INFO:     127.0.0.1:46212 - "POST /v1/chat/completions HTTP/1.1" 200 OK
[91m--generated_text[0m 
å¯¹è¯1ï¼šæ‚¨å¥½è¯·è®²[SEP]å–‚ï¼Œä½ å¥½ï¼Œè¯·é—®æœ‰ä»€ä¹ˆå¯ä»¥å¸®æ‚¨ï¼Ÿ[SEP]æ˜¯è¿™æ ·çš„ï¼Œæˆ‘å‰å‡ å¤©æäº¤äº†ä¸€ä¸ªå…³äºŽå®½å¸¦ç½‘é€Ÿæ…¢çš„æŠ•è¯‰å·¥å•ï¼Œç¼–å·æ˜¯12345678ï¼Œæƒ³é—®é—®å¤„ç†è¿›åº¦æ€Žä¹ˆæ ·äº†ã€‚[SEP]å¥½çš„ï¼Œè¯·æ‚¨ç¨ç­‰ï¼Œæˆ‘é©¬ä¸Šå¸®æ‚¨æŸ¥è¯¢ä¸€ä¸‹ã€‚[SEP]å—¯å—¯ã€‚[SEP]æŸ¥è¯¢åˆ°äº†ï¼Œæ‚¨è¿™ä¸ªå·¥å•æ˜¯æˆ‘ä»¬æŠ€æœ¯éƒ¨é—¨åœ¨è·Ÿè¿›çš„ï¼Œç›®å‰åˆæ­¥æ£€æµ‹å‘çŽ°æ˜¯å°åŒºå…‰èŠ‚ç‚¹è´Ÿè½½è¿‡é«˜å¯¼è‡´çš„ï¼Œæ­£åœ¨åè°ƒèµ„æºè¿›è¡Œä¼˜åŒ–ï¼Œé¢„è®¡ä¸‹å‘¨å†…ä¼šæœ‰æ˜Žæ˜¾æ”¹å–„ã€‚[SEP]å“¦ï¼Œè¿™æ ·å•Šï¼Œé‚£å…·ä½“ä»€ä¹ˆæ—¶å€™èƒ½è§£å†³å‘¢ï¼Ÿ[SEP]æ ¹æ®æˆ‘ä»¬çš„ç»éªŒï¼Œä¸€èˆ¬è¿™ç§é—®é¢˜ä¼˜åŒ–åŽä¸€å‘¨å†…å°±èƒ½çœ‹åˆ°æ•ˆæžœï¼Œæˆ‘ä»¬ä¼šæŒç»­å…³æ³¨å¹¶éšæ—¶å‘æ‚¨æ›´æ–°è¿›å±•ã€‚[SEP]å¥½çš„ï¼Œæ˜Žç™½äº†ï¼Œè°¢è°¢ä½ ã€‚[SEP]ä¸å®¢æ°”ï¼Œè¿˜æœ‰ä»€ä¹ˆå…¶ä»–é—®é¢˜å—ï¼Ÿ[SEP]æ²¡æœ‰äº†ï¼Œè°¢è°¢ï¼ç¥æ‚¨ç”Ÿæ´»æ„‰å¿«ï¼Œå†è§ï¼
å¯¹è¯2ï¼šæ‚¨å¥½è¯·è®²[SEP]ä½ å¥½ï¼Œæˆ‘æƒ³å’¨è¯¢ä¸€ä¸‹æˆ‘ä¹‹å‰æŠ¥ä¿®çš„æ‰‹æœºä¿¡å·ä¸å¥½çš„é—®é¢˜ï¼Œå·¥å•å·æ˜¯87654321ï¼ŒçŽ°åœ¨å¤„ç†ç»“æžœæ€Žä¹ˆæ ·äº†ï¼Ÿ[SEP]å¥½çš„ï¼Œè¯·æ‚¨ç¨ç­‰ï¼Œæˆ‘å¸®æ‚¨æŸ¥ä¸€ä¸‹ã€‚[SEP]å¥½çš„ã€‚[SEP]æŸ¥åˆ°äº†ï¼Œæ‚¨åæ˜ çš„æ˜¯AåŒºæ‰‹æœºä¿¡å·å¼±çš„é—®é¢˜ï¼Œæˆ‘ä»¬æ´¾å·¥ç¨‹å¸ˆä¸Šé—¨æ£€æµ‹åŽå‘çŽ°æ˜¯é™„è¿‘åŸºç«™è®¾å¤‡æ•…éšœï¼Œå·²ç»å®‰æŽ’ç»´ä¿®äººå‘˜è¿›è¡Œæ›´æ¢ï¼Œé¢„è®¡æ˜Žå¤©å®Œæˆä¿®å¤ã€‚[SEP]å“¦ï¼Œæ˜Žå¤©å•Šï¼Œé‚£ä¿®å¤åŽä¿¡å·ä¼šå¥½å—ï¼Ÿ[SEP]æ˜¯çš„ï¼Œä¸€èˆ¬æƒ…å†µä¸‹æ›´æ¢è®¾å¤‡åŽä¿¡å·è´¨é‡éƒ½ä¼šæœ‰æ˜¾è‘—æå‡ï¼Œæ‚¨å¯ä»¥åŽå¤©å†æµ‹è¯•ä¸€ä¸‹æ•ˆæžœã€‚[SEP]å¥½çš„ï¼Œå¤ªæ„Ÿè°¢äº†ã€‚[SEP]ä¸ç”¨è°¢ï¼Œè¿™æ˜¯æˆ‘ä»¬åº”è¯¥åšçš„ã€‚è¿˜æœ‰å…¶ä»–éœ€è¦å¸®å¿™çš„å—ï¼Ÿ[SEP]æ²¡æœ‰äº†ï¼Œè°¢è°¢ï¼å†è§ï¼
å¯¹è¯3ï¼šæ‚¨å¥½è¯·è®²[SEP]å–‚ï¼Œä½ å¥½ï¼Œæˆ‘ä¹‹å‰ç”³è¯·çš„é‚£ä¸ªå®¶åº­å®½å¸¦æé€Ÿä¸šåŠ¡ï¼Œå·¥å•å·æ˜¯56789012ï¼ŒçŽ°åœ¨è¿›å±•å¦‚ä½•äº†ï¼Ÿ[SEP]å¥½çš„ï¼Œè¯·æ‚¨ç¨ç­‰ï¼Œæˆ‘å¸®æ‚¨çœ‹çœ‹ã€‚[SEP]å—¯ã€‚[SEP]æ‚¨è¿™ä¸ªå·¥å•æ˜¾ç¤ºï¼Œæˆ‘ä»¬å·²ç»åœ¨æ‚¨å®¶å®‰è£…äº†å…‰çŒ«è®¾å¤‡ï¼Œä½†ç›®å‰çº¿è·¯æ”¹é€ å°šæœªå®Œæˆï¼Œé¢„è®¡ä¸‹å‘¨äº”å¯ä»¥æ­£å¼å¼€é€šé«˜é€ŸæœåŠ¡ã€‚[SEP]å“¦ï¼Œè¿˜è¦ç­‰è¿™ä¹ˆä¹…å•Šï¼Œæœ‰ç‚¹æ€¥ç”¨ã€‚[SEP]ç†è§£æ‚¨çš„éœ€æ±‚ï¼Œæˆ‘ä»¬ä¼šä¼˜å…ˆå®‰æŽ’æ–½å·¥ï¼Œè¯·æ‚¨è€å¿ƒç­‰å¾…ä¸€ä¸‹ï¼Œæˆ‘ä»¬ä¼šåŠæ—¶é€šçŸ¥æ‚¨å¼€é€šæ—¶é—´ã€‚[SEP]å¥½çš„ï¼Œé‚£æˆ‘åŽå¤©å†æ¥ç¡®è®¤ä¸€ä¸‹ã€‚[SEP]æ²¡é—®é¢˜ï¼Œæ‚¨åˆ°æ—¶å€™è”ç³»æˆ‘ä»¬å³å¯ã€‚[SEP]è°¢è°¢ï¼è¿˜æœ‰å…¶ä»–é—®é¢˜å—ï¼Ÿ[SEP]æ²¡æœ‰äº†ï¼Œè°¢è°¢ï¼å†è§ï¼
å¯¹è¯4ï¼šæ‚¨å¥½è¯·è®²[SEP]ä½ å¥½ï¼Œæˆ‘æƒ³äº†è§£ä¸€ä¸‹æˆ‘ä¹‹å‰æŠ•è¯‰çš„APPå……å€¼å¤±è´¥çš„é—®é¢˜ï¼Œå·¥å•å·æ˜¯90123456ï¼ŒçŽ°åœ¨å¤„ç†ç»“æžœå‡ºæ¥äº†å—ï¼Ÿ[SEP]å¥½çš„ï¼Œè¯·æ‚¨ç¨ç­‰ï¼Œæˆ‘å¸®æ‚¨æŸ¥ä¸€ä¸‹ã€‚[SEP]å¥½ã€‚[SEP]æ‚¨è¿™ä¸ªå·¥å•æ˜¾ç¤ºï¼Œç»è¿‡æ ¸å®žæ˜¯ç³»ç»Ÿä¸´æ—¶æ•…éšœå¯¼è‡´å……å€¼å¤±è´¥ï¼Œæˆ‘ä»¬å·²ç»ä¿®å¤äº†è¯¥é—®é¢˜ï¼Œå¹¶ä¸”å°†è¯¯å……é‡‘é¢é€€å›žäº†æ‚¨çš„è´¦æˆ·ï¼Œæ¬¾é¡¹åº”è¯¥å·²ç»åˆ°è´¦äº†ã€‚[SEP]å“¦ï¼Œé€€å›žæ¥äº†å•Šï¼Œå¤ªå¥½äº†ã€‚[SEP]æ˜¯çš„ï¼Œè¯·æ‚¨ç™»å½•APPæŸ¥çœ‹ä½™é¢ç¡®è®¤ä¸€ä¸‹ã€‚[SEP]å¥½çš„ï¼Œæˆ‘é©¬ä¸ŠåŽ»æŸ¥ã€‚[SEP]ä¸å®¢æ°”ï¼Œè¿˜æœ‰ä»€ä¹ˆéœ€è¦å¸®å¿™çš„å—ï¼Ÿ[SEP]æ²¡æœ‰äº†ï¼Œè°¢è°¢ï¼å†è§ï¼
å¯¹è¯5ï¼šæ‚¨å¥½è¯·è®²[SEP]å–‚ï¼Œä½ å¥½ï¼Œæˆ‘ä¹‹å‰æŠ¥ä¿®çš„ç”µè§†æ— æ³•æŽ¥æ”¶é¢‘é“çš„é—®é¢˜ï¼Œå·¥å•å·æ˜¯34567890ï¼ŒçŽ°åœ¨è§£å†³äº†å—ï¼Ÿ[SEP]å¥½çš„ï¼Œè¯·æ‚¨ç¨ç­‰ï¼Œæˆ‘å¸®æ‚¨æŸ¥ä¸€ä¸‹ã€‚[SEP]å—¯ã€‚[SEP]æ‚¨è¿™ä¸ªå·¥å•æ˜¾ç¤ºï¼Œå·¥ç¨‹å¸ˆå·²ç»ä¸Šé—¨æ£€æŸ¥å¹¶é‡æ–°è°ƒæ•´äº†å¤©çº¿ä½ç½®ï¼Œç›®å‰ç”µè§†å¯ä»¥æ­£å¸¸æŽ¥æ”¶æ‰€æœ‰é¢‘é“äº†ã€‚[SEP]å“¦ï¼ŒçœŸçš„è§£å†³äº†å•Šï¼Œå¤ªå¥½äº†ã€‚[SEP]æ˜¯çš„ï¼Œå¾ˆé«˜å…´èƒ½å¸®æ‚¨è§£å†³é—®é¢˜ã€‚å¦‚æžœæ‚¨è¿˜æœ‰å…¶ä»–ç–‘é—®ï¼Œæ¬¢è¿Žéšæ—¶è”ç³»æˆ‘ä»¬ã€‚[SEP]å¥½çš„ï¼Œè°¢è°¢ï¼è¿˜æœ‰å…¶ä»–é—®é¢˜å—ï¼Ÿ[SEP]æ²¡æœ‰äº†ï¼Œè°¢è°¢ï¼å†è§
INFO:     127.0.0.1:37920 - "POST /v1/chat/completions HTTP/1.1" 200 OK
INFO:     Shutting down
INFO:     Waiting for application shutdown.
INFO:     Application shutdown complete.
INFO:     Finished server process [3256585]
